生成启动时间为 2023/3/20 14:41:46。
     1>项目“C:\Users\admin\Desktop\c\first\first.vcxproj”在节点 2 上(build 个目标)。
     1>InitializeBuildStatus:
         正在创建“Debug\first.unsuccessfulbuild”，因为已指定“AlwaysCreate”。
       ClCompile:
         D:\vc++2010\VC\bin\CL.exe /c /ZI /nologo /W3 /WX- /Od /Oy- /D _MBCS /Gm /EHsc /RTC1 /MDd /GS /fp:precise /Zc:wchar_t /Zc:forScope /Fo"Debug\\" /Fd"Debug\vc100.pdb" /Gd /TC /analyze- /errorReport:prompt main.c
         main.c
     1>c:\users\admin\desktop\c\first\main.c(22): warning C4996: 'scanf': This function or variable may be unsafe. Consider using scanf_s instead. To disable deprecation, use _CRT_SECURE_NO_WARNINGS. See online help for details.
                 d:\vc++2010\vc\include\stdio.h(304) : 参见“scanf”的声明
       Link:
         D:\vc++2010\VC\bin\link.exe /ERRORREPORT:PROMPT /OUT:"C:\Users\admin\Desktop\c\first\Debug\first.exe" /NOLOGO kernel32.lib user32.lib gdi32.lib winspool.lib comdlg32.lib advapi32.lib shell32.lib ole32.lib oleaut32.lib uuid.lib odbc32.lib odbccp32.lib /MANIFEST /ManifestFile:"Debug\first.exe.intermediate.manifest" /MANIFESTUAC:"level='asInvoker' uiAccess='false'" /DEBUG /PDB:"C:\Users\admin\Desktop\c\first\Debug\first.pdb" /SUBSYSTEM:CONSOLE /TLBID:1 /DYNAMICBASE /NXCOMPAT /IMPLIB:"C:\Users\admin\Desktop\c\first\Debug\first.lib" /MACHINE:X86 Debug\main.obj
         LINK : 没有找到 C:\Users\admin\Desktop\c\first\Debug\first.exe 或上一个增量链接没有生成它；正在执行完全链接
         first.vcxproj -> C:\Users\admin\Desktop\c\first\Debug\first.exe
       Manifest:
         C:\Program Files (x86)\Microsoft SDKs\Windows\v7.0A\bin\mt.exe /nologo /verbose /outputresource:"C:\Users\admin\Desktop\c\first\Debug\first.exe;#1" /manifest Debug\first.exe.intermediate.manifest
       FinalizeBuildStatus:
         正在删除文件“Debug\first.unsuccessfulbuild”。
         正在对“Debug\first.lastbuildstate”执行 Touch 任务。
     1>已完成生成项目“C:\Users\admin\Desktop\c\first\first.vcxproj”(build 个目标)的操作。

生成成功。

已用时间 00:00:00.48
